<?xml version="1.0" encoding="UTF-8"?>
<testsuite name="com.eteration.simplebanking.DemoApplicationTests" tests="1" skipped="0" failures="0" errors="0" timestamp="2025-03-26T11:08:22" hostname="DESKTOP-83QJ90F" time="0.002">
  <properties/>
  <testcase name="contextLoads()" classname="com.eteration.simplebanking.DemoApplicationTests" time="0.002"/>
  <system-out><![CDATA[2025-03-26 14:08:21.728  INFO 5216 --- [    Test worker] o.s.t.c.support.AbstractContextLoader    : Could not detect default resource locations for test class [com.eteration.simplebanking.DemoApplicationTests]: no resource found for suffixes {-context.xml, Context.groovy}.
2025-03-26 14:08:21.728  INFO 5216 --- [    Test worker] t.c.s.AnnotationConfigContextLoaderUtils : Could not detect default configuration classes for test class [com.eteration.simplebanking.DemoApplicationTests]: DemoApplicationTests does not declare any static, non-private, non-final, nested classes annotated with @Configuration.
2025-03-26 14:08:21.730  INFO 5216 --- [    Test worker] .b.t.c.SpringBootTestContextBootstrapper : Found @SpringBootConfiguration com.eteration.simplebanking.DemoApplication for test class com.eteration.simplebanking.DemoApplicationTests
2025-03-26 14:08:21.731  INFO 5216 --- [    Test worker] .b.t.c.SpringBootTestContextBootstrapper : Loaded default TestExecutionListener class names from location [META-INF/spring.factories]: [org.springframework.boot.test.autoconfigure.restdocs.RestDocsTestExecutionListener, org.springframework.boot.test.autoconfigure.web.client.MockRestServiceServerResetTestExecutionListener, org.springframework.boot.test.autoconfigure.web.servlet.MockMvcPrintOnlyOnFailureTestExecutionListener, org.springframework.boot.test.autoconfigure.web.servlet.WebDriverTestExecutionListener, org.springframework.boot.test.autoconfigure.webservices.client.MockWebServiceServerTestExecutionListener, org.springframework.boot.test.mock.mockito.MockitoTestExecutionListener, org.springframework.boot.test.mock.mockito.ResetMocksTestExecutionListener, org.springframework.test.context.web.ServletTestExecutionListener, org.springframework.test.context.support.DirtiesContextBeforeModesTestExecutionListener, org.springframework.test.context.event.ApplicationEventsTestExecutionListener, org.springframework.test.context.support.DependencyInjectionTestExecutionListener, org.springframework.test.context.support.DirtiesContextTestExecutionListener, org.springframework.test.context.transaction.TransactionalTestExecutionListener, org.springframework.test.context.jdbc.SqlScriptsTestExecutionListener, org.springframework.test.context.event.EventPublishingTestExecutionListener]
2025-03-26 14:08:21.731  INFO 5216 --- [    Test worker] .b.t.c.SpringBootTestContextBootstrapper : Using TestExecutionListeners: [org.springframework.test.context.web.ServletTestExecutionListener@43e9a8a2, org.springframework.test.context.support.DirtiesContextBeforeModesTestExecutionListener@178617da, org.springframework.test.context.event.ApplicationEventsTestExecutionListener@d408c5d, org.springframework.boot.test.mock.mockito.MockitoTestExecutionListener@74ed1d35, org.springframework.boot.test.autoconfigure.SpringBootDependencyInjectionTestExecutionListener@7acf07b2, org.springframework.test.context.support.DirtiesContextTestExecutionListener@5d50e7f6, org.springframework.test.context.transaction.TransactionalTestExecutionListener@54fbaa65, org.springframework.test.context.jdbc.SqlScriptsTestExecutionListener@48e3017a, org.springframework.test.context.event.EventPublishingTestExecutionListener@4a937d43, org.springframework.boot.test.autoconfigure.restdocs.RestDocsTestExecutionListener@10264cb0, org.springframework.boot.test.autoconfigure.web.client.MockRestServiceServerResetTestExecutionListener@19877453, org.springframework.boot.test.autoconfigure.web.servlet.MockMvcPrintOnlyOnFailureTestExecutionListener@49bf5ec8, org.springframework.boot.test.autoconfigure.web.servlet.WebDriverTestExecutionListener@18174bd9, org.springframework.boot.test.autoconfigure.webservices.client.MockWebServiceServerTestExecutionListener@3af6d7a7, org.springframework.boot.test.mock.mockito.ResetMocksTestExecutionListener@18711946]

  .   ____          _            __ _ _
 /\\ / ___'_ __ _ _(_)_ __  __ _ \ \ \ \
( ( )\___ | '_ | '_| | '_ \/ _` | \ \ \ \
 \\/  ___)| |_)| | | | | || (_| |  ) ) ) )
  '  |____| .__|_| |_|_| |_\__, | / / / /
 =========|_|==============|___/=/_/_/_/
 :: Spring Boot ::               (v2.7.18)

2025-03-26 14:08:21.753  INFO 5216 --- [    Test worker] c.e.simplebanking.DemoApplicationTests   : Starting DemoApplicationTests using Java 17.0.12 on DESKTOP-83QJ90F with PID 5216 (started by ArdaO in C:\Users\ArdaO\Desktop\simplebanking-master)
2025-03-26 14:08:21.753  INFO 5216 --- [    Test worker] c.e.simplebanking.DemoApplicationTests   : No active profile set, falling back to 1 default profile: "default"
2025-03-26 14:08:21.900  INFO 5216 --- [    Test worker] .s.d.r.c.RepositoryConfigurationDelegate : Bootstrapping Spring Data JPA repositories in DEFAULT mode.
2025-03-26 14:08:21.914  INFO 5216 --- [    Test worker] .s.d.r.c.RepositoryConfigurationDelegate : Finished Spring Data repository scanning in 13 ms. Found 2 JPA repository interfaces.
2025-03-26 14:08:22.065  INFO 5216 --- [    Test worker] o.hibernate.jpa.internal.util.LogHelper  : HHH000204: Processing PersistenceUnitInfo [name: default]
2025-03-26 14:08:22.073  INFO 5216 --- [    Test worker] com.zaxxer.hikari.HikariDataSource       : HikariPool-2 - Starting...
2025-03-26 14:08:22.086  INFO 5216 --- [    Test worker] com.zaxxer.hikari.HikariDataSource       : HikariPool-2 - Start completed.
2025-03-26 14:08:22.086  INFO 5216 --- [    Test worker] org.hibernate.dialect.Dialect            : HHH000400: Using dialect: org.hibernate.dialect.MySQL8Dialect
2025-03-26 14:08:22.127  INFO 5216 --- [    Test worker] o.h.e.t.j.p.i.JtaPlatformInitiator       : HHH000490: Using JtaPlatform implementation: [org.hibernate.engine.transaction.jta.platform.internal.NoJtaPlatform]
2025-03-26 14:08:22.127  INFO 5216 --- [    Test worker] j.LocalContainerEntityManagerFactoryBean : Initialized JPA EntityManagerFactory for persistence unit 'default'
2025-03-26 14:08:22.352  WARN 5216 --- [    Test worker] JpaBaseConfiguration$JpaWebConfiguration : spring.jpa.open-in-view is enabled by default. Therefore, database queries may be performed during view rendering. Explicitly configure spring.jpa.open-in-view to disable this warning
2025-03-26 14:08:22.740  INFO 5216 --- [    Test worker] c.e.simplebanking.DemoApplicationTests   : Started DemoApplicationTests in 1.007 seconds (JVM running for 6.539)
]]></system-out>
  <system-err><![CDATA[]]></system-err>
</testsuite>
